Build started 27/08/2015 15:19:09.
     1>Project "C:\Users\cmdadmin\Desktop\glut_fluid_buoyancy_finished\particles_vs2013.vcxproj" on node 2 (Rebuild target(s)).
     1>CudaClean:
         cmd.exe /C "C:\Users\cmdadmin\AppData\Local\Temp\tmp6935e7cc3fca438f8e0f86a1cf5ad098.cmd"
         "D:\CUDA\bin\nvcc.exe" -ccbin "D:\visual studio 2013\VC\bin\x86_amd64"  -I./ -I../../common/inc -I./ -ID:\CUDA\/include -I../../common/inc -ID:\CUDA\include     --keep-dir x64\Release -maxrregcount=0  --machine 64 --compile  -Xcompiler "/wd 4819"     -DWIN32 -DWIN32 -D_MBCS -D_MBCS -Xcompiler "/EHsc /W3 /nologo /O2 /Zi  /MT  " -o x64/Release/FluidSystemCUDA.cu.obj "C:\Users\cmdadmin\Desktop\glut_fluid_buoyancy_finished\FluidSystemCUDA.cu" -clean
         
         C:\Users\cmdadmin\Desktop\glut_fluid_buoyancy_finished>"D:\CUDA\bin\nvcc.exe" -ccbin "D:\visual studio 2013\VC\bin\x86_amd64"  -I./ -I../../common/inc -I./ -ID:\CUDA\/include -I../../common/inc -ID:\CUDA\include     --keep-dir x64\Release -maxrregcount=0  --machine 64 --compile  -Xcompiler "/wd 4819"     -DWIN32 -DWIN32 -D_MBCS -D_MBCS -Xcompiler "/EHsc /W3 /nologo /O2 /Zi  /MT  " -o x64/Release/FluidSystemCUDA.cu.obj "C:\Users\cmdadmin\Desktop\glut_fluid_buoyancy_finished\FluidSystemCUDA.cu" -clean 
         FluidSystemCUDA.cu
       AddCudaCompileDeps:
         D:\visual studio 2013\VC\bin\x86_amd64\cl.exe /E /nologo /showIncludes /TP /D__CUDACC__ /DWIN32 /DWIN32 /D_MBCS /D_MBCS /I./ /I../../common/inc /I./ /ID:\CUDA\/include /I../../common/inc /ID:\CUDA\bin /ID:\CUDA\include /I. /FIcuda_runtime.h /c C:\Users\cmdadmin\Desktop\glut_fluid_buoyancy_finished\FluidSystemCUDA.cu 
       CudaBuild:
         Compiling CUDA source file FluidSystemCUDA.cu...
         cmd.exe /C "C:\Users\cmdadmin\AppData\Local\Temp\tmpc820932a1eb24657b44abead44fa48f7.cmd"
         "D:\CUDA\bin\nvcc.exe" -gencode=arch=compute_20,code=\"sm_20,compute_20\" -gencode=arch=compute_30,code=\"sm_30,compute_30\" -gencode=arch=compute_35,code=\"sm_35,compute_35\" -gencode=arch=compute_37,code=\"sm_37,compute_37\" -gencode=arch=compute_50,code=\"sm_50,compute_50\" -gencode=arch=compute_52,code=\"sm_52,compute_52\" --use-local-env --cl-version 2013 -ccbin "D:\visual studio 2013\VC\bin\x86_amd64"  -I./ -I../../common/inc -I./ -ID:\CUDA\/include -I../../common/inc -ID:\CUDA\include     --keep-dir x64\Release -maxrregcount=0  --machine 64 --compile -cudart static -Xcompiler "/wd 4819"     -DWIN32 -DWIN32 -D_MBCS -D_MBCS -Xcompiler "/EHsc /W3 /nologo /O2 /Zi  /MT  " -o x64/Release/FluidSystemCUDA.cu.obj "C:\Users\cmdadmin\Desktop\glut_fluid_buoyancy_finished\FluidSystemCUDA.cu"
         
         C:\Users\cmdadmin\Desktop\glut_fluid_buoyancy_finished>"D:\CUDA\bin\nvcc.exe" -gencode=arch=compute_20,code=\"sm_20,compute_20\" -gencode=arch=compute_30,code=\"sm_30,compute_30\" -gencode=arch=compute_35,code=\"sm_35,compute_35\" -gencode=arch=compute_37,code=\"sm_37,compute_37\" -gencode=arch=compute_50,code=\"sm_50,compute_50\" -gencode=arch=compute_52,code=\"sm_52,compute_52\" --use-local-env --cl-version 2013 -ccbin "D:\visual studio 2013\VC\bin\x86_amd64"  -I./ -I../../common/inc -I./ -ID:\CUDA\/include -I../../common/inc -ID:\CUDA\include     --keep-dir x64\Release -maxrregcount=0  --machine 64 --compile -cudart static -Xcompiler "/wd 4819"     -DWIN32 -DWIN32 -D_MBCS -D_MBCS -Xcompiler "/EHsc /W3 /nologo /O2 /Zi  /MT  " -o x64/Release/FluidSystemCUDA.cu.obj "C:\Users\cmdadmin\Desktop\glut_fluid_buoyancy_finished\FluidSystemCUDA.cu" 
         FluidSystemCUDA.cu
     1>D:\CUDA\include\thrust/system/cuda/detail/bulk/execution_policy.hpp(241): warning C4267: 'argument' : conversion from 'size_t' to 'thrust::system::cuda::detail::bulk_::parallel_group<thrust::system::cuda::detail::bulk_::agent<0x01>,0x00>::size_type', possible loss of data
     1>D:\CUDA\include\thrust/system/cuda/detail/bulk/execution_policy.hpp(303): warning C4267: 'argument' : conversion from 'size_t' to 'thrust::system::cuda::detail::bulk_::parallel_group<thrust::system::cuda::detail::bulk_::agent<0x01>,0x00>::size_type', possible loss of data
     1>D:\CUDA\include\thrust/system/cuda/detail/bulk/execution_policy.hpp(319): warning C4267: 'argument' : conversion from 'size_t' to 'thrust::system::cuda::detail::bulk_::parallel_group<thrust::system::cuda::detail::bulk_::agent<0x01>,0x00>::size_type', possible loss of data
     1>D:\CUDA\include\thrust/system/cuda/detail/bulk/execution_policy.hpp(439): warning C4267: 'argument' : conversion from 'size_t' to 'thrust::system::cuda::detail::bulk_::concurrent_group<thrust::system::cuda::detail::bulk_::agent<0x01>,0x00>::size_type', possible loss of data
     1>D:\CUDA\include\thrust/system/cuda/detail/bulk/execution_policy.hpp(250): warning C4267: 'argument' : conversion from 'size_t' to 'thrust::system::cuda::detail::bulk_::parallel_group<thrust::system::cuda::detail::bulk_::concurrent_group<thrust::system::cuda::detail::bulk_::agent<0x01>,0x00>,0x00>::size_type', possible loss of data
                 D:\CUDA\include\thrust/system/cuda/detail/bulk/execution_policy.hpp(625) : see reference to function template instantiation 'thrust::system::cuda::detail::bulk_::parallel_group<thrust::system::cuda::detail::bulk_::concurrent_group<thrust::system::cuda::detail::bulk_::agent<0x01>,0x00>,0x00> thrust::system::cuda::detail::bulk_::par<thrust::system::cuda::detail::bulk_::concurrent_group<thrust::system::cuda::detail::bulk_::agent<0x01>,0x00>>(ExecutionAgent,size_t)' being compiled
                 with
                 [
                     ExecutionAgent=thrust::system::cuda::detail::bulk_::concurrent_group<thrust::system::cuda::detail::bulk_::agent<0x01>,0x00>
                 ]
     1>D:\CUDA\include\thrust/system/cuda/detail/bulk/detail/cuda_launcher/cuda_launcher.hpp(155): warning C4267: 'return' : conversion from 'size_t' to 'int', possible loss of data
                 D:\CUDA\include\thrust/system/cuda/detail/bulk/detail/cuda_launcher/cuda_launcher.hpp(148) : while compiling class template member function 'int thrust::system::cuda::detail::bulk_::detail::cuda_launcher_base<0,thrust::system::cuda::detail::bulk_::parallel_group<thrust::system::cuda::detail::bulk_::concurrent_group<thrust::system::cuda::detail::bulk_::agent<0x01>,0x00>,0x00>,Closure>::choose_group_size(int)'
                 with
                 [
                     Closure=thrust::system::cuda::detail::bulk_::detail::closure<thrust::system::cuda::detail::for_each_n_detail::for_each_kernel,thrust::tuple<thrust::system::cuda::detail::bulk_::detail::cursor<0>,thrust::zip_iterator<thrust::tuple<thrust::device_ptr<float4>,thrust::device_ptr<float4>,thrust::null_type,thrust::null_type,thrust::null_type,thrust::null_type,thrust::null_type,thrust::null_type,thrust::null_type,thrust::null_type>>,thrust::detail::wrapped_function<integrate_functor,void>,unsigned int,thrust::null_type,thrust::null_type,thrust::null_type,thrust::null_type,thrust::null_type,thrust::null_type>>
                 ]
                 D:\CUDA\include\thrust/system/cuda/detail/bulk/detail/cuda_launcher/cuda_launcher.hpp(305) : see reference to function template instantiation 'int thrust::system::cuda::detail::bulk_::detail::cuda_launcher_base<0,thrust::system::cuda::detail::bulk_::parallel_group<thrust::system::cuda::detail::bulk_::concurrent_group<thrust::system::cuda::detail::bulk_::agent<0x01>,0x00>,0x00>,Closure>::choose_group_size(int)' being compiled
                 with
                 [
                     Closure=thrust::system::cuda::detail::bulk_::detail::closure<thrust::system::cuda::detail::for_each_n_detail::for_each_kernel,thrust::tuple<thrust::system::cuda::detail::bulk_::detail::cursor<0>,thrust::zip_iterator<thrust::tuple<thrust::device_ptr<float4>,thrust::device_ptr<float4>,thrust::null_type,thrust::null_type,thrust::null_type,thrust::null_type,thrust::null_type,thrust::null_type,thrust::null_type,thrust::null_type>>,thrust::detail::wrapped_function<integrate_functor,void>,unsigned int,thrust::null_type,thrust::null_type,thrust::null_type,thrust::null_type,thrust::null_type,thrust::null_type>>
                 ]
                 D:\CUDA\include\thrust/system/cuda/detail/bulk/detail/cuda_launcher/cuda_launcher.hpp(228) : see reference to class template instantiation 'thrust::system::cuda::detail::bulk_::detail::cuda_launcher_base<0,thrust::system::cuda::detail::bulk_::parallel_group<thrust::system::cuda::detail::bulk_::concurrent_group<thrust::system::cuda::detail::bulk_::agent<0x01>,0x00>,0x00>,Closure>' being compiled
                 with
                 [
                     Closure=thrust::system::cuda::detail::bulk_::detail::closure<thrust::system::cuda::detail::for_each_n_detail::for_each_kernel,thrust::tuple<thrust::system::cuda::detail::bulk_::detail::cursor<0>,thrust::zip_iterator<thrust::tuple<thrust::device_ptr<float4>,thrust::device_ptr<float4>,thrust::null_type,thrust::null_type,thrust::null_type,thrust::null_type,thrust::null_type,thrust::null_type,thrust::null_type,thrust::null_type>>,thrust::detail::wrapped_function<integrate_functor,void>,unsigned int,thrust::null_type,thrust::null_type,thrust::null_type,thrust::null_type,thrust::null_type,thrust::null_type>>
                 ]
                 D:\CUDA\include\thrust/system/cuda/detail/bulk/detail/choose_sizes.inl(41) : see reference to class template instantiation 'thrust::system::cuda::detail::bulk_::detail::cuda_launcher<thrust::system::cuda::detail::bulk_::parallel_group<thrust::system::cuda::detail::bulk_::concurrent_group<thrust::system::cuda::detail::bulk_::agent<0x01>,0x00>,0x00>,Closure>' being compiled
                 with
                 [
                     Closure=thrust::system::cuda::detail::bulk_::detail::closure<thrust::system::cuda::detail::for_each_n_detail::for_each_kernel,thrust::tuple<thrust::system::cuda::detail::bulk_::detail::cursor<0>,thrust::zip_iterator<thrust::tuple<thrust::device_ptr<float4>,thrust::device_ptr<float4>,thrust::null_type,thrust::null_type,thrust::null_type,thrust::null_type,thrust::null_type,thrust::null_type,thrust::null_type,thrust::null_type>>,thrust::detail::wrapped_function<integrate_functor,void>,unsigned int,thrust::null_type,thrust::null_type,thrust::null_type,thrust::null_type,thrust::null_type,thrust::null_type>>
                 ]
                 D:\CUDA\include\thrust/system/cuda/detail/bulk/detail/choose_sizes.inl(96) : see reference to function template instantiation 'thrust::pair<int,int> thrust::system::cuda::detail::bulk_::detail::choose_sizes<thrust::system::cuda::detail::bulk_::detail::closure<thrust::system::cuda::detail::for_each_n_detail::for_each_kernel,thrust::tuple<thrust::system::cuda::detail::bulk_::detail::cursor<0>,thrust::zip_iterator<thrust::tuple<thrust::device_ptr<float4>,thrust::device_ptr<float4>,thrust::null_type,thrust::null_type,thrust::null_type,thrust::null_type,thrust::null_type,thrust::null_type,thrust::null_type,thrust::null_type>>,thrust::detail::wrapped_function<integrate_functor,void>,unsigned int,thrust::null_type,thrust::null_type,thrust::null_type,thrust::null_type,thrust::null_type,thrust::null_type>>>(thrust::system::cuda::detail::bulk_::parallel_group<thrust::system::cuda::detail::bulk_::concurrent_group<thrust::system::cuda::detail::bulk_::agent<0x01>,0x00>,0x00>,Closure)' being compiled
                 with
                 [
                     Closure=thrust::system::cuda::detail::bulk_::detail::closure<thrust::system::cuda::detail::for_each_n_detail::for_each_kernel,thrust::tuple<thrust::system::cuda::detail::bulk_::detail::cursor<0>,thrust::zip_iterator<thrust::tuple<thrust::device_ptr<float4>,thrust::device_ptr<float4>,thrust::null_type,thrust::null_type,thrust::null_type,thrust::null_type,thrust::null_type,thrust::null_type,thrust::null_type,thrust::null_type>>,thrust::detail::wrapped_function<integrate_functor,void>,unsigned int,thrust::null_type,thrust::null_type,thrust::null_type,thrust::null_type,thrust::null_type,thrust::null_type>>
                 ]
                 D:\CUDA\include\thrust/system/cuda/detail/for_each.inl(125) : see reference to function template instantiation 'thrust::pair<int,int> thrust::system::cuda::detail::bulk_::choose_sizes<thrust::system::cuda::detail::for_each_n_detail::for_each_kernel,thrust::system::cuda::detail::bulk_::detail::cursor<0>,RandomAccessIterator,thrust::detail::wrapped_function<integrate_functor,void>,unsigned int>(thrust::system::cuda::detail::bulk_::parallel_group<thrust::system::cuda::detail::bulk_::concurrent_group<thrust::system::cuda::detail::bulk_::agent<0x01>,0x00>,0x00>,Function,Arg1,Arg2,Arg3,Arg4)' being compiled
                 with
                 [
                     RandomAccessIterator=thrust::zip_iterator<thrust::tuple<thrust::device_ptr<float4>,thrust::device_ptr<float4>,thrust::null_type,thrust::null_type,thrust::null_type,thrust::null_type,thrust::null_type,thrust::null_type,thrust::null_type,thrust::null_type>>
         ,            Function=thrust::system::cuda::detail::for_each_n_detail::for_each_kernel
         ,            Arg1=thrust::system::cuda::detail::bulk_::detail::cursor<0>
         ,            Arg2=thrust::zip_iterator<thrust::tuple<thrust::device_ptr<float4>,thrust::device_ptr<float4>,thrust::null_type,thrust::null_type,thrust::null_type,thrust::null_type,thrust::null_type,thrust::null_type,thrust::null_type,thrust::null_type>>
         ,            Arg3=thrust::detail::wrapped_function<integrate_functor,void>
         ,            Arg4=unsigned int
                 ]
                 D:\CUDA\include\thrust/detail/tuple.inl(296) : see reference to function template instantiation 'thrust::detail::cons<T0,thrust::detail::cons<T0,thrust::detail::cons<T0,thrust::detail::map_tuple_to_cons<thrust::null_type,thrust::null_type,thrust::null_type,thrust::null_type,thrust::null_type,thrust::null_type,thrust::null_type,thrust::null_type,thrust::null_type,thrust::null_type>::type>>>::cons<T2,T3,T4,T5,T6,T7,T8,T9,T10,const thrust::null_type>(T1 &,T2 &,T3 &,const thrust::null_type &,T5 &,T6 &,T7 &,T8 &,T9 &,T10 &)' being compiled
                 with
                 [
                     T0=int
         ,            T2=const int
         ,            T3=const int
         ,            T4=const int
         ,            T5=const thrust::null_type
         ,            T6=const thrust::null_type
         ,            T7=const thrust::null_type
         ,            T8=const thrust::null_type
         ,            T9=const thrust::null_type
         ,            T10=const thrust::null_type
         ,            T1=const int
                 ]
                 D:\CUDA\include\thrust/detail/tuple.inl(296) : see reference to function template instantiation 'thrust::detail::cons<T0,thrust::detail::cons<T0,thrust::detail::cons<T0,thrust::detail::map_tuple_to_cons<thrust::null_type,thrust::null_type,thrust::null_type,thrust::null_type,thrust::null_type,thrust::null_type,thrust::null_type,thrust::null_type,thrust::null_type,thrust::null_type>::type>>>::cons<T2,T3,T4,T5,T6,T7,T8,T9,T10,const thrust::null_type>(T1 &,T2 &,T3 &,const thrust::null_type &,T5 &,T6 &,T7 &,T8 &,T9 &,T10 &)' being compiled
                 with
                 [
                     T0=int
         ,            T2=const int
         ,            T3=const int
         ,            T4=const int
         ,            T5=const thrust::null_type
         ,            T6=const thrust::null_type
         ,            T7=const thrust::null_type
         ,            T8=const thrust::null_type
         ,            T9=const thrust::null_type
         ,            T10=const thrust::null_type
         ,            T1=const int
                 ]
                 D:\CUDA\include\thrust/tuple.h(278) : see reference to function template instantiation 'thrust::detail::cons<T0,thrust::detail::cons<T0,thrust::detail::cons<T0,thrust::detail::cons<T0,thrust::detail::map_tuple_to_cons<thrust::null_type,thrust::null_type,thrust::null_type,thrust::null_type,thrust::null_type,thrust::null_type,thrust::null_type,thrust::null_type,thrust::null_type,thrust::null_type>::type>>>>::cons<const int,const int,const int,const int,const thrust::null_type,const thrust::null_type,const thrust::null_type,const thrust::null_type,const thrust::null_type,const thrust::null_type>(T1 &,T2 &,T3 &,T4 &,T5 &,T6 &,T7 &,T8 &,T9 &,T10 &)' being compiled
                 with
                 [
                     T0=int
         ,            T1=const int
         ,            T2=const int
         ,            T3=const int
         ,            T4=const int
         ,            T5=const thrust::null_type
         ,            T6=const thrust::null_type
         ,            T7=const thrust::null_type
         ,            T8=const thrust::null_type
         ,            T9=const thrust::null_type
         ,            T10=const thrust::null_type
                 ]
                 D:\CUDA\include\thrust/tuple.h(278) : see reference to function template instantiation 'thrust::detail::cons<T0,thrust::detail::cons<T0,thrust::detail::cons<T0,thrust::detail::cons<T0,thrust::detail::map_tuple_to_cons<thrust::null_type,thrust::null_type,thrust::null_type,thrust::null_type,thrust::null_type,thrust::null_type,thrust::null_type,thrust::null_type,thrust::null_type,thrust::null_type>::type>>>>::cons<const int,const int,const int,const int,const thrust::null_type,const thrust::null_type,const thrust::null_type,const thrust::null_type,const thrust::null_type,const thrust::null_type>(T1 &,T2 &,T3 &,T4 &,T5 &,T6 &,T7 &,T8 &,T9 &,T10 &)' being compiled
                 with
                 [
                     T0=int
         ,            T1=const int
         ,            T2=const int
         ,            T3=const int
         ,            T4=const int
         ,            T5=const thrust::null_type
         ,            T6=const thrust::null_type
         ,            T7=const thrust::null_type
         ,            T8=const thrust::null_type
         ,            T9=const thrust::null_type
         ,            T10=const thrust::null_type
                 ]
                 D:\CUDA\include\thrust/tuple.h(268) : while compiling class template member function 'thrust::tuple<int,int,int,int,thrust::null_type,thrust::null_type,thrust::null_type,thrust::null_type,thrust::null_type,thrust::null_type>::tuple(const int &,const int &,const int &,const int &)'
                 D:\CUDA\include\thrust/detail/tuple.inl(662) : see reference to function template instantiation 'thrust::tuple<int,int,int,int,thrust::null_type,thrust::null_type,thrust::null_type,thrust::null_type,thrust::null_type,thrust::null_type>::tuple(const int &,const int &,const int &,const int &)' being compiled
                 D:\CUDA\include\thrust/system/cuda/detail/detail/stable_merge_sort.inl(131) : see reference to class template instantiation 'thrust::tuple<int,int,int,int,thrust::null_type,thrust::null_type,thrust::null_type,thrust::null_type,thrust::null_type,thrust::null_type>' being compiled
     1>D:\CUDA\include\thrust/system/cuda/detail/bulk/detail/cuda_launcher/cuda_launcher.hpp(85): warning C4267: 'return' : conversion from 'size_t' to 'int', possible loss of data
                 D:\CUDA\include\thrust/system/cuda/detail/bulk/detail/cuda_launcher/cuda_launcher.hpp(84) : while compiling class template member function 'int thrust::system::cuda::detail::bulk_::detail::cuda_launcher_base<0,thrust::system::cuda::detail::bulk_::parallel_group<thrust::system::cuda::detail::bulk_::concurrent_group<thrust::system::cuda::detail::bulk_::agent<0x01>,0x00>,0x00>,Closure>::max_active_blocks_per_multiprocessor(const thrust::system::cuda::detail::bulk_::detail::device_properties_t &,const thrust::system::cuda::detail::bulk_::detail::function_attributes_t &,int,int)'
                 with
                 [
                     Closure=thrust::system::cuda::detail::bulk_::detail::closure<thrust::system::cuda::detail::for_each_n_detail::for_each_kernel,thrust::tuple<thrust::system::cuda::detail::bulk_::detail::cursor<0>,thrust::zip_iterator<thrust::tuple<thrust::device_ptr<float4>,thrust::device_ptr<float4>,thrust::null_type,thrust::null_type,thrust::null_type,thrust::null_type,thrust::null_type,thrust::null_type,thrust::null_type,thrust::null_type>>,thrust::detail::wrapped_function<integrate_functor,void>,unsigned int,thrust::null_type,thrust::null_type,thrust::null_type,thrust::null_type,thrust::null_type,thrust::null_type>>
                 ]
                 D:\CUDA\include\thrust/system/cuda/detail/bulk/detail/cuda_launcher/cuda_launcher.hpp(96) : see reference to function template instantiation 'int thrust::system::cuda::detail::bulk_::detail::cuda_launcher_base<0,thrust::system::cuda::detail::bulk_::parallel_group<thrust::system::cuda::detail::bulk_::concurrent_group<thrust::system::cuda::detail::bulk_::agent<0x01>,0x00>,0x00>,Closure>::max_active_blocks_per_multiprocessor(const thrust::system::cuda::detail::bulk_::detail::device_properties_t &,const thrust::system::cuda::detail::bulk_::detail::function_attributes_t &,int,int)' being compiled
                 with
                 [
                     Closure=thrust::system::cuda::detail::bulk_::detail::closure<thrust::system::cuda::detail::for_each_n_detail::for_each_kernel,thrust::tuple<thrust::system::cuda::detail::bulk_::detail::cursor<0>,thrust::zip_iterator<thrust::tuple<thrust::device_ptr<float4>,thrust::device_ptr<float4>,thrust::null_type,thrust::null_type,thrust::null_type,thrust::null_type,thrust::null_type,thrust::null_type,thrust::null_type,thrust::null_type>>,thrust::detail::wrapped_function<integrate_functor,void>,unsigned int,thrust::null_type,thrust::null_type,thrust::null_type,thrust::null_type,thrust::null_type,thrust::null_type>>
                 ]
     1>D:\CUDA\include\thrust/detail/pair.inl(46): warning C4267: 'initializing' : conversion from 'size_t' to 'int', possible loss of data
                 D:\CUDA\include\thrust/system/cuda/detail/bulk/detail/cuda_launcher/cuda_launcher.hpp(101) : see reference to function template instantiation 'thrust::pair<int,int>::pair<size_t,int>(const thrust::pair<size_t,int> &)' being compiled
                 D:\CUDA\include\thrust/system/cuda/detail/bulk/detail/cuda_launcher/cuda_launcher.hpp(101) : see reference to function template instantiation 'thrust::pair<int,int>::pair<size_t,int>(const thrust::pair<size_t,int> &)' being compiled
                 D:\CUDA\include\thrust/system/cuda/detail/bulk/detail/cuda_launcher/cuda_launcher.hpp(94) : while compiling class template member function 'thrust::pair<int,int> thrust::system::cuda::detail::bulk_::detail::cuda_launcher_base<0,thrust::system::cuda::detail::bulk_::parallel_group<thrust::system::cuda::detail::bulk_::concurrent_group<thrust::system::cuda::detail::bulk_::agent<0x01>,0x00>,0x00>,Closure>::dynamic_smem_occupancy_limit(const thrust::system::cuda::detail::bulk_::detail::device_properties_t &,const thrust::system::cuda::detail::bulk_::detail::function_attributes_t &,int,int)'
                 with
                 [
                     Closure=thrust::system::cuda::detail::bulk_::detail::closure<thrust::system::cuda::detail::for_each_n_detail::for_each_kernel,thrust::tuple<thrust::system::cuda::detail::bulk_::detail::cursor<0>,thrust::zip_iterator<thrust::tuple<thrust::device_ptr<float4>,thrust::device_ptr<float4>,thrust::null_type,thrust::null_type,thrust::null_type,thrust::null_type,thrust::null_type,thrust::null_type,thrust::null_type,thrust::null_type>>,thrust::detail::wrapped_function<integrate_functor,void>,unsigned int,thrust::null_type,thrust::null_type,thrust::null_type,thrust::null_type,thrust::null_type,thrust::null_type>>
                 ]
                 D:\CUDA\include\thrust/system/cuda/detail/bulk/detail/cuda_launcher/cuda_launcher.hpp(119) : see reference to function template instantiation 'thrust::pair<int,int> thrust::system::cuda::detail::bulk_::detail::cuda_launcher_base<0,thrust::system::cuda::detail::bulk_::parallel_group<thrust::system::cuda::detail::bulk_::concurrent_group<thrust::system::cuda::detail::bulk_::agent<0x01>,0x00>,0x00>,Closure>::dynamic_smem_occupancy_limit(const thrust::system::cuda::detail::bulk_::detail::device_properties_t &,const thrust::system::cuda::detail::bulk_::detail::function_attributes_t &,int,int)' being compiled
                 with
                 [
                     Closure=thrust::system::cuda::detail::bulk_::detail::closure<thrust::system::cuda::detail::for_each_n_detail::for_each_kernel,thrust::tuple<thrust::system::cuda::detail::bulk_::detail::cursor<0>,thrust::zip_iterator<thrust::tuple<thrust::device_ptr<float4>,thrust::device_ptr<float4>,thrust::null_type,thrust::null_type,thrust::null_type,thrust::null_type,thrust::null_type,thrust::null_type,thrust::null_type,thrust::null_type>>,thrust::detail::wrapped_function<integrate_functor,void>,unsigned int,thrust::null_type,thrust::null_type,thrust::null_type,thrust::null_type,thrust::null_type,thrust::null_type>>
                 ]
     1>D:\CUDA\include\thrust/system/detail/generic/sequence.inl(48): warning C4244: 'return' : conversion from '__int64' to 'unsigned int', possible loss of data
                 D:\CUDA\include\thrust/detail/internal_functional.h(322) : see reference to function template instantiation 'T thrust::system::detail::generic::sequence_detail::sequence_functor<T>::operator ()<__int64>(Index) const' being compiled
                 with
                 [
                     T=unsigned int
         ,            Index=__int64
                 ]
                 D:\CUDA\include\thrust/detail/internal_functional.h(322) : see reference to function template instantiation 'T thrust::system::detail::generic::sequence_detail::sequence_functor<T>::operator ()<__int64>(Index) const' being compiled
                 with
                 [
                     T=unsigned int
         ,            Index=__int64
                 ]
                 D:\CUDA\include\thrust/detail/function.h(60) : see reference to function template instantiation 'void thrust::detail::unary_transform_functor<thrust::system::detail::generic::sequence_detail::sequence_functor<unsigned int>>::operator ()<thrust::detail::tuple_of_iterator_references<__int64,unsigned int &,thrust::null_type,thrust::null_type,thrust::null_type,thrust::null_type,thrust::null_type,thrust::null_type,thrust::null_type,thrust::null_type>>(Tuple)' being compiled
                 with
                 [
                     Tuple=thrust::detail::tuple_of_iterator_references<__int64,unsigned int &,thrust::null_type,thrust::null_type,thrust::null_type,thrust::null_type,thrust::null_type,thrust::null_type,thrust::null_type,thrust::null_type>
                 ]
                 D:\CUDA\include\thrust/detail/function.h(60) : see reference to function template instantiation 'void thrust::detail::unary_transform_functor<thrust::system::detail::generic::sequence_detail::sequence_functor<unsigned int>>::operator ()<thrust::detail::tuple_of_iterator_references<__int64,unsigned int &,thrust::null_type,thrust::null_type,thrust::null_type,thrust::null_type,thrust::null_type,thrust::null_type,thrust::null_type,thrust::null_type>>(Tuple)' being compiled
                 with
                 [
                     Tuple=thrust::detail::tuple_of_iterator_references<__int64,unsigned int &,thrust::null_type,thrust::null_type,thrust::null_type,thrust::null_type,thrust::null_type,thrust::null_type,thrust::null_type,thrust::null_type>
                 ]
                 D:\CUDA\include\thrust/system/detail/sequential/for_each.h(83) : see reference to function template instantiation 'Result thrust::detail::wrapped_function<thrust::detail::unary_transform_functor<thrust::system::detail::generic::sequence_detail::sequence_functor<unsigned int>>,Result>::operator ()<thrust::detail::tuple_of_iterator_references<__int64,thrust::device_reference<T>,thrust::null_type,thrust::null_type,thrust::null_type,thrust::null_type,thrust::null_type,thrust::null_type,thrust::null_type,thrust::null_type>>(const Argument &) const' being compiled
                 with
                 [
                     Result=void
         ,            T=unsigned int
         ,            Argument=thrust::detail::tuple_of_iterator_references<__int64,thrust::device_reference<unsigned int>,thrust::null_type,thrust::null_type,thrust::null_type,thrust::null_type,thrust::null_type,thrust::null_type,thrust::null_type,thrust::null_type>
                 ]
                 D:\CUDA\include\thrust/system/detail/sequential/for_each.h(83) : see reference to function template instantiation 'Result thrust::detail::wrapped_function<thrust::detail::unary_transform_functor<thrust::system::detail::generic::sequence_detail::sequence_functor<unsigned int>>,Result>::operator ()<thrust::detail::tuple_of_iterator_references<__int64,thrust::device_reference<T>,thrust::null_type,thrust::null_type,thrust::null_type,thrust::null_type,thrust::null_type,thrust::null_type,thrust::null_type,thrust::null_type>>(const Argument &) const' being compiled
                 with
                 [
                     Result=void
         ,            T=unsigned int
         ,            Argument=thrust::detail::tuple_of_iterator_references<__int64,thrust::device_reference<unsigned int>,thrust::null_type,thrust::null_type,thrust::null_type,thrust::null_type,thrust::null_type,thrust::null_type,thrust::null_type,thrust::null_type>
                 ]
                 D:\CUDA\include\thrust/detail/for_each.inl(71) : see reference to function template instantiation 'InputIterator thrust::system::detail::sequential::for_each_n<thrust::detail::seq_t,InputIterator,Size,UnaryFunction>(thrust::system::detail::sequential::execution_policy<thrust::detail::seq_t> &,InputIterator,Size,UnaryFunction)' being compiled
                 with
                 [
                     InputIterator=thrust::zip_iterator<thrust::tuple<thrust::counting_iterator<__int64,thrust::use_default,thrust::use_default,__int64>,thrust::device_ptr<unsigned int>,thrust::null_type,thrust::null_type,thrust::null_type,thrust::null_type,thrust::null_type,thrust::null_type,thrust::null_type,thrust::null_type>>
         ,            Size=__int64
         ,            UnaryFunction=thrust::detail::unary_transform_functor<thrust::system::detail::generic::sequence_detail::sequence_functor<unsigned int>>
                 ]
                 D:\CUDA\include\thrust/system/cuda/detail/for_each.inl(152) : see reference to function template instantiation 'InputIterator thrust::for_each_n<DerivedPolicy,RandomAccessIterator,Size,UnaryFunction>(const thrust::detail::execution_policy_base<DerivedPolicy> &,InputIterator,Size,UnaryFunction)' being compiled
                 with
                 [
                     InputIterator=thrust::zip_iterator<thrust::tuple<thrust::counting_iterator<__int64,thrust::use_default,thrust::use_default,__int64>,thrust::device_ptr<unsigned int>,thrust::null_type,thrust::null_type,thrust::null_type,thrust::null_type,thrust::null_type,thrust::null_type,thrust::null_type,thrust::null_type>>
         ,            DerivedPolicy=thrust::detail::seq_t
         ,            RandomAccessIterator=thrust::zip_iterator<thrust::tuple<thrust::counting_iterator<__int64,thrust::use_default,thrust::use_default,__int64>,thrust::device_ptr<unsigned int>,thrust::null_type,thrust::null_type,thrust::null_type,thrust::null_type,thrust::null_type,thrust::null_type,thrust::null_type,thrust::null_type>>
         ,            Size=__int64
         ,            UnaryFunction=thrust::detail::unary_transform_functor<thrust::system::detail::generic::sequence_detail::sequence_functor<unsigned int>>
                 ]
       ClCompile:
         D:\visual studio 2013\VC\bin\x86_amd64\CL.exe /c /I./ /ID:\CUDA\/include /I../../common/inc /Zi /nologo /W3 /WX- /O2 /GL /D WIN32 /D _MBCS /D _MBCS /Gm- /EHsc /MT /GS /fp:precise /Zc:wchar_t /Zc:forScope /Fo"x64/Release/" /Fd"x64/Release/vc120.pdb" /Gd /TP /errorReport:prompt FluidSystem.cpp framebufferObject.cpp GLSLProgram.cpp GlutLoop.cpp Main_fluid.cpp render.cpp shaders.cpp
         FluidSystem.cpp
     1>FluidSystem.cpp(186): warning C4305: 'argument' : truncation from 'double' to 'float'
     1>FluidSystem.cpp(270): warning C4101: 'dPos' : unreferenced local variable
     1>FluidSystem.cpp(291): warning C4101: 'dPos' : unreferenced local variable
     1>FluidSystem.cpp(683): warning C4018: '<' : signed/unsigned mismatch
     1>FluidSystem.cpp(700): warning C4244: 'initializing' : conversion from 'double' to 'float', possible loss of data
     1>FluidSystem.cpp(710): warning C4244: '=' : conversion from 'double' to 'float', possible loss of data
     1>FluidSystem.cpp(712): warning C4305: '*=' : truncation from 'double' to 'float'
     1>FluidSystem.cpp(718): warning C4305: '*=' : truncation from 'double' to 'float'
     1>FluidSystem.cpp(727): warning C4244: '+=' : conversion from 'double' to 'float', possible loss of data
     1>FluidSystem.cpp(728): warning C4244: '+=' : conversion from 'double' to 'float', possible loss of data
     1>FluidSystem.cpp(729): warning C4244: '+=' : conversion from 'double' to 'float', possible loss of data
         framebufferObject.cpp
     1>D:\visual studio 2013\VC\include\xutility(2904): warning C4244: 'initializing' : conversion from '__int64' to 'ptrdiff_t', possible loss of data
     1>D:\visual studio 2013\VC\include\xutility(2905): warning C4244: 'initializing' : conversion from '__int64' to 'ptrdiff_t', possible loss of data
         GLSLProgram.cpp
         GlutLoop.cpp
     1>D:\visual studio 2013\VC\include\xutility(2904): warning C4244: 'initializing' : conversion from '__int64' to 'ptrdiff_t', possible loss of data
     1>D:\visual studio 2013\VC\include\xutility(2905): warning C4244: 'initializing' : conversion from '__int64' to 'ptrdiff_t', possible loss of data
     1>GlutLoop.cpp(445): warning C4101: 'mods' : unreferenced local variable
     1>D:\visual studio 2013\VC\include\xstring(1297): warning C4267: 'argument' : conversion from 'size_t' to 'int', possible loss of data
                 D:\visual studio 2013\VC\include\xstring(1294) : while compiling class template member function 'std::_String_iterator<std::_String_val<std::_Simple_types<char>>> std::basic_string<char,std::char_traits<char>,std::allocator<char>>::insert(std::_String_const_iterator<std::_String_val<std::_Simple_types<char>>>,_Elem)'
                 with
                 [
                     _Elem=char
                 ]
                 D:\visual studio 2013\VC\include\xstring(1709) : see reference to function template instantiation 'std::_String_iterator<std::_String_val<std::_Simple_types<char>>> std::basic_string<char,std::char_traits<char>,std::allocator<char>>::insert(std::_String_const_iterator<std::_String_val<std::_Simple_types<char>>>,_Elem)' being compiled
                 with
                 [
                     _Elem=char
                 ]
                 D:\visual studio 2013\VC\include\stdexcept(31) : see reference to class template instantiation 'std::basic_string<char,std::char_traits<char>,std::allocator<char>>' being compiled
     1>D:\visual studio 2013\VC\include\xstring(204): warning C4244: 'return' : conversion from '__int64' to 'int', possible loss of data
                 D:\visual studio 2013\VC\include\xstring(202) : while compiling class template member function 'int std::_String_const_iterator<std::_String_val<std::_Simple_types<char>>>::operator -(const std::_String_const_iterator<std::_String_val<std::_Simple_types<char>>> &) const'
                 D:\visual studio 2013\VC\include\xstring(2267) : see reference to function template instantiation 'int std::_String_const_iterator<std::_String_val<std::_Simple_types<char>>>::operator -(const std::_String_const_iterator<std::_String_val<std::_Simple_types<char>>> &) const' being compiled
                 D:\CUDA\common\inc\helper_string.h(451) : see reference to class template instantiation 'std::_String_const_iterator<std::_String_val<std::_Simple_types<char>>>' being compiled
         Main_fluid.cpp
     1>D:\visual studio 2013\VC\include\xutility(2904): warning C4244: 'initializing' : conversion from '__int64' to 'ptrdiff_t', possible loss of data
     1>D:\visual studio 2013\VC\include\xutility(2905): warning C4244: 'initializing' : conversion from '__int64' to 'ptrdiff_t', possible loss of data
     1>c:\users\cmdadmin\desktop\glut_fluid_buoyancy_finished\Glutloop.cpp(445): warning C4101: 'mods' : unreferenced local variable
     1>D:\visual studio 2013\VC\include\xstring(1297): warning C4267: 'argument' : conversion from 'size_t' to 'int', possible loss of data
                 D:\visual studio 2013\VC\include\xstring(1294) : while compiling class template member function 'std::_String_iterator<std::_String_val<std::_Simple_types<char>>> std::basic_string<char,std::char_traits<char>,std::allocator<char>>::insert(std::_String_const_iterator<std::_String_val<std::_Simple_types<char>>>,_Elem)'
                 with
                 [
                     _Elem=char
                 ]
                 D:\visual studio 2013\VC\include\xstring(1709) : see reference to function template instantiation 'std::_String_iterator<std::_String_val<std::_Simple_types<char>>> std::basic_string<char,std::char_traits<char>,std::allocator<char>>::insert(std::_String_const_iterator<std::_String_val<std::_Simple_types<char>>>,_Elem)' being compiled
                 with
                 [
                     _Elem=char
                 ]
                 D:\visual studio 2013\VC\include\stdexcept(31) : see reference to class template instantiation 'std::basic_string<char,std::char_traits<char>,std::allocator<char>>' being compiled
     1>D:\visual studio 2013\VC\include\xstring(204): warning C4244: 'return' : conversion from '__int64' to 'int', possible loss of data
                 D:\visual studio 2013\VC\include\xstring(202) : while compiling class template member function 'int std::_String_const_iterator<std::_String_val<std::_Simple_types<char>>>::operator -(const std::_String_const_iterator<std::_String_val<std::_Simple_types<char>>> &) const'
                 D:\visual studio 2013\VC\include\xstring(2267) : see reference to function template instantiation 'int std::_String_const_iterator<std::_String_val<std::_Simple_types<char>>>::operator -(const std::_String_const_iterator<std::_String_val<std::_Simple_types<char>>> &) const' being compiled
                 D:\CUDA\common\inc\helper_string.h(451) : see reference to class template instantiation 'std::_String_const_iterator<std::_String_val<std::_Simple_types<char>>>' being compiled
         render.cpp
     1>render.cpp(382): warning C4996: 'fopen': This function or variable may be unsafe. Consider using fopen_s instead. To disable deprecation, use _CRT_SECURE_NO_WARNINGS. See online help for details.
                 D:\visual studio 2013\VC\include\stdio.h(211) : see declaration of 'fopen'
         shaders.cpp
       Link:
         D:\visual studio 2013\VC\bin\x86_amd64\link.exe /ERRORREPORT:PROMPT /OUT:"../../bin/win64/Release//particles.exe" /NOLOGO /LIBPATH:D:\CUDA\lib\x64 /LIBPATH:../../common/lib/x64 glew64.lib cudart_static.lib freeglut.lib kernel32.lib user32.lib gdi32.lib winspool.lib comdlg32.lib advapi32.lib shell32.lib ole32.lib oleaut32.lib uuid.lib odbc32.lib odbccp32.lib kernel32.lib user32.lib gdi32.lib winspool.lib comdlg32.lib advapi32.lib shell32.lib ole32.lib oleaut32.lib uuid.lib odbc32.lib odbccp32.lib /MANIFEST /MANIFESTUAC:"level='asInvoker' uiAccess='false'" /manifest:embed /PDB:"../../bin/win64/Release/particles.pdb" /SUBSYSTEM:CONSOLE /LTCG /TLBID:1 /DYNAMICBASE /NXCOMPAT /IMPLIB:"../../bin/win64/Release/particles.lib" /MACHINE:X64 x64/Release/FluidSystemCUDA.cu.obj
         x64/Release/FluidSystem.obj
         x64/Release/framebufferObject.obj
         x64/Release/GLSLProgram.obj
         x64/Release/GlutLoop.obj
         x64/Release/Main_fluid.obj
         x64/Release/render.obj
         x64/Release/shaders.obj
            Creating library ../../bin/win64/Release/particles.lib and object ../../bin/win64/Release/particles.exp
         Generating code
         Finished generating code
         particles_vs2013.vcxproj -> C:\Users\cmdadmin\Desktop\glut_fluid_buoyancy_finished\../../bin/win64/Release/particles.exe
     1>Done Building Project "C:\Users\cmdadmin\Desktop\glut_fluid_buoyancy_finished\particles_vs2013.vcxproj" (Rebuild target(s)).

Build succeeded.

Time Elapsed 00:01:30.83
