Build started 27/08/2015 16:17:17.
     1>Project "C:\Users\cmdadmin\Desktop\glut_fluid_metaball_finish2\particles_vs2013.vcxproj" on node 2 (Build target(s)).
     1>ClCompile:
         D:\visual studio 2013\VC\bin\x86_amd64\CL.exe /c /I./ /ID:\CUDA\/include /I../../common/inc /Zi /nologo /W3 /WX- /O2 /GL /D WIN32 /D _MBCS /D _MBCS /Gm- /EHsc /MT /GS /fp:precise /Zc:wchar_t /Zc:forScope /Fo"x64/Release/" /Fd"x64/Release/vc120.pdb" /Gd /TP /errorReport:prompt FluidSystem.cpp
         FluidSystem.cpp
     1>FluidSystem.cpp(348): warning C4101: 'dPos' : unreferenced local variable
     1>FluidSystem.cpp(369): warning C4101: 'dPos' : unreferenced local variable
     1>FluidSystem.cpp(632): warning C4244: 'argument' : conversion from 'float' to 'unsigned int', possible loss of data
       Link:
         D:\visual studio 2013\VC\bin\x86_amd64\link.exe /ERRORREPORT:PROMPT /OUT:"../../bin/win64/Release//particles.exe" /NOLOGO /LIBPATH:D:\CUDA\lib\x64 /LIBPATH:../../common/lib/x64 glew64.lib cudart_static.lib freeglut.lib kernel32.lib user32.lib gdi32.lib winspool.lib comdlg32.lib advapi32.lib shell32.lib ole32.lib oleaut32.lib uuid.lib odbc32.lib odbccp32.lib kernel32.lib user32.lib gdi32.lib winspool.lib comdlg32.lib advapi32.lib shell32.lib ole32.lib oleaut32.lib uuid.lib odbc32.lib odbccp32.lib /MANIFEST /MANIFESTUAC:"level='asInvoker' uiAccess='false'" /manifest:embed /PDB:"../../bin/win64/Release/particles.pdb" /SUBSYSTEM:CONSOLE /LTCG /TLBID:1 /DYNAMICBASE /NXCOMPAT /IMPLIB:"../../bin/win64/Release/particles.lib" /MACHINE:X64 x64/Release/FluidSystemCUDA.cu.obj
         x64/Release/FluidSystem.obj
         x64/Release/framebufferObject.obj
         x64/Release/GLSLProgram.obj
         x64/Release/GlutLoop.obj
         x64/Release/Main_fluid.obj
         x64/Release/render.obj
         x64/Release/shaders.obj
            Creating library ../../bin/win64/Release/particles.lib and object ../../bin/win64/Release/particles.exp
         Generating code
         Finished generating code
         particles_vs2013.vcxproj -> C:\Users\cmdadmin\Desktop\glut_fluid_metaball_finish2\../../bin/win64/Release/particles.exe
     1>Done Building Project "C:\Users\cmdadmin\Desktop\glut_fluid_metaball_finish2\particles_vs2013.vcxproj" (Build target(s)).

Build succeeded.

Time Elapsed 00:00:01.40
